-------------------------------------------------------------------------------
Test set: com.info.SpringScmsApplicationTests
-------------------------------------------------------------------------------
Tests run: 1, Failures: 0, Errors: 1, Skipped: 0, Time elapsed: 7.33 s <<< FAILURE! - in com.info.SpringScmsApplicationTests
contextLoads  Time elapsed: 0.015 s  <<< ERROR!
java.lang.IllegalStateException: Failed to load ApplicationContext
Caused by: org.springframework.beans.factory.UnsatisfiedDependencyException: Error creating bean with name 'studentController': Unsatisfied dependency expressed through field 'service'; nested exception is org.springframework.beans.factory.UnsatisfiedDependencyException: Error creating bean with name 'studentService': Unsatisfied dependency expressed through field 'repo'; nested exception is org.springframework.beans.factory.BeanCreationException: Error creating bean with name 'studentRepo' defined in com.info.Repository.StudentRepo defined in @EnableJpaRepositories declared on JpaRepositoriesRegistrar.EnableJpaRepositoriesConfiguration: Invocation of init method failed; nested exception is java.lang.IllegalArgumentException: Validation failed for query for method public abstract com.info.Model.Student com.info.Repository.StudentRepo.authentication(java.lang.String,java.lang.String)!
Caused by: org.springframework.beans.factory.UnsatisfiedDependencyException: Error creating bean with name 'studentService': Unsatisfied dependency expressed through field 'repo'; nested exception is org.springframework.beans.factory.BeanCreationException: Error creating bean with name 'studentRepo' defined in com.info.Repository.StudentRepo defined in @EnableJpaRepositories declared on JpaRepositoriesRegistrar.EnableJpaRepositoriesConfiguration: Invocation of init method failed; nested exception is java.lang.IllegalArgumentException: Validation failed for query for method public abstract com.info.Model.Student com.info.Repository.StudentRepo.authentication(java.lang.String,java.lang.String)!
Caused by: org.springframework.beans.factory.BeanCreationException: Error creating bean with name 'studentRepo' defined in com.info.Repository.StudentRepo defined in @EnableJpaRepositories declared on JpaRepositoriesRegistrar.EnableJpaRepositoriesConfiguration: Invocation of init method failed; nested exception is java.lang.IllegalArgumentException: Validation failed for query for method public abstract com.info.Model.Student com.info.Repository.StudentRepo.authentication(java.lang.String,java.lang.String)!
Caused by: java.lang.IllegalArgumentException: Validation failed for query for method public abstract com.info.Model.Student com.info.Repository.StudentRepo.authentication(java.lang.String,java.lang.String)!
Caused by: java.lang.IllegalArgumentException: org.hibernate.hql.internal.ast.QuerySyntaxException: student is not mapped [Select c from student c where c.stud_uname=:studUsername and c.stud_passwd=:studPassword]
Caused by: org.hibernate.hql.internal.ast.QuerySyntaxException: student is not mapped [Select c from student c where c.stud_uname=:studUsername and c.stud_passwd=:studPassword]
Caused by: org.hibernate.hql.internal.ast.QuerySyntaxException: student is not mapped

